[debug] [2026-03-27T15:21:14.866Z] ----------------------------------------------------------------------
[debug] [2026-03-27T15:21:14.869Z] Command:       /home/mrgengs/.nvm/versions/node/v24.14.0/bin/node /home/mrgengs/.nvm/versions/node/v24.14.0/bin/firebase deploy
[debug] [2026-03-27T15:21:14.870Z] CLI Version:   15.11.0
[debug] [2026-03-27T15:21:14.870Z] Platform:      linux
[debug] [2026-03-27T15:21:14.870Z] Node Version:  v24.14.0
[debug] [2026-03-27T15:21:14.870Z] Time:          Fri Mar 27 2026 22:21:14 GMT+0700 (Western Indonesia Time)
[debug] [2026-03-27T15:21:14.870Z] ----------------------------------------------------------------------
[debug] 
[debug] [2026-03-27T15:21:16.390Z] > command requires scopes: ["email","openid","https://www.googleapis.com/auth/cloudplatformprojects.readonly","https://www.googleapis.com/auth/firebase","https://www.googleapis.com/auth/cloud-platform"]
[debug] [2026-03-27T15:21:16.390Z] > authorizing via signed-in user (sugengmargono901@gmail.com)
[debug] [2026-03-27T15:21:16.390Z] [iam] checking project steriflow-id for permissions ["datastore.indexes.create","datastore.indexes.delete","datastore.indexes.list","datastore.indexes.update","firebase.projects.get","firebasehosting.sites.update"]
[debug] [2026-03-27T15:21:16.391Z] Checked if tokens are valid: false, expires at: 1774569959030
[debug] [2026-03-27T15:21:16.391Z] Checked if tokens are valid: false, expires at: 1774569959030
[debug] [2026-03-27T15:21:16.391Z] > refreshing access token with scopes: []
[debug] [2026-03-27T15:21:16.392Z] >>> [apiv2][query] POST https://www.googleapis.com/oauth2/v3/token [none]
[debug] [2026-03-27T15:21:16.392Z] >>> [apiv2][body] POST https://www.googleapis.com/oauth2/v3/token [omitted]
[debug] [2026-03-27T15:21:16.671Z] <<< [apiv2][status] POST https://www.googleapis.com/oauth2/v3/token 200
[debug] [2026-03-27T15:21:16.671Z] <<< [apiv2][body] POST https://www.googleapis.com/oauth2/v3/token [omitted]
[debug] [2026-03-27T15:21:16.683Z] >>> [apiv2][query] POST https://cloudresourcemanager.googleapis.com/v1/projects/steriflow-id:testIamPermissions [none]
[debug] [2026-03-27T15:21:16.683Z] >>> [apiv2][(partial)header] POST https://cloudresourcemanager.googleapis.com/v1/projects/steriflow-id:testIamPermissions  x-goog-user-project=steriflow-id
[debug] [2026-03-27T15:21:16.683Z] >>> [apiv2][body] POST https://cloudresourcemanager.googleapis.com/v1/projects/steriflow-id:testIamPermissions {"permissions":["datastore.indexes.create","datastore.indexes.delete","datastore.indexes.list","datastore.indexes.update","firebase.projects.get","firebasehosting.sites.update"]}
[debug] [2026-03-27T15:21:17.949Z] <<< [apiv2][status] POST https://cloudresourcemanager.googleapis.com/v1/projects/steriflow-id:testIamPermissions 200
[debug] [2026-03-27T15:21:17.949Z] <<< [apiv2][body] POST https://cloudresourcemanager.googleapis.com/v1/projects/steriflow-id:testIamPermissions {"permissions":["datastore.indexes.create","datastore.indexes.delete","datastore.indexes.list","datastore.indexes.update","firebase.projects.get","firebasehosting.sites.update"]}
[debug] [2026-03-27T15:21:17.950Z] Checked if tokens are valid: true, expires at: 1774628475673
[debug] [2026-03-27T15:21:17.950Z] Checked if tokens are valid: true, expires at: 1774628475673
[debug] [2026-03-27T15:21:17.951Z] >>> [apiv2][query] GET https://firebase.googleapis.com/v1beta1/projects/steriflow-id [none]
[debug] [2026-03-27T15:21:18.370Z] <<< [apiv2][status] GET https://firebase.googleapis.com/v1beta1/projects/steriflow-id 200
[debug] [2026-03-27T15:21:18.370Z] <<< [apiv2][body] GET https://firebase.googleapis.com/v1beta1/projects/steriflow-id {"projectId":"steriflow-id","projectNumber":"402736002594","displayName":"steriflow-id","name":"projects/steriflow-id","resources":{"hostingSite":"steriflow-id","realtimeDatabaseInstance":"steriflow-id-default-rtdb"},"state":"ACTIVE","etag":"1_78e645a5-0f65-4a05-911d-30057a4d4fd7"}
[info] 
[info] === Deploying to 'steriflow-id'...
[info] 
[info] i  deploying firestore, hosting 
[info] i  firestore: ensuring required API firestore.googleapis.com is enabled... 
[info] i  firestore: ensuring required API firestore.googleapis.com is enabled... 
[debug] [2026-03-27T15:21:18.375Z] Checked if tokens are valid: true, expires at: 1774628475673
[debug] [2026-03-27T15:21:18.375Z] Checked if tokens are valid: true, expires at: 1774628475673
[debug] [2026-03-27T15:21:18.377Z] >>> [apiv2][query] GET https://firestore.googleapis.com/v1/projects/steriflow-id/databases/(default) [none]
[debug] [2026-03-27T15:21:18.626Z] <<< [apiv2][status] GET https://firestore.googleapis.com/v1/projects/steriflow-id/databases/(default) 200
[debug] [2026-03-27T15:21:18.627Z] <<< [apiv2][body] GET https://firestore.googleapis.com/v1/projects/steriflow-id/databases/(default) {"name":"projects/steriflow-id/databases/(default)","uid":"402a338c-8ffa-46a7-9e53-e6283b7753bb","createTime":"2026-03-25T14:54:35.595632Z","updateTime":"2026-03-25T14:54:35.595632Z","locationId":"asia-southeast1","type":"FIRESTORE_NATIVE","concurrencyMode":"PESSIMISTIC","versionRetentionPeriod":"3600s","earliestVersionTime":"2026-03-27T14:21:18.599188Z","appEngineIntegrationMode":"DISABLED","keyPrefix":"zas","pointInTimeRecoveryEnablement":"POINT_IN_TIME_RECOVERY_DISABLED","deleteProtectionState":"DELETE_PROTECTION_DISABLED","databaseEdition":"STANDARD","freeTier":true,"realtimeUpdatesMode":"REALTIME_UPDATES_MODE_ENABLED","etag":"IKex/uuwwJMDMLTslq/Fu5MD"}
[info] i  firestore: reading indexes from firestore.indexes.json... 
[info] i  cloud.firestore: checking firestore.rules for compilation errors... 
[debug] [2026-03-27T15:21:18.630Z] Checked if tokens are valid: true, expires at: 1774628475673
[debug] [2026-03-27T15:21:18.630Z] Checked if tokens are valid: true, expires at: 1774628475673
[debug] [2026-03-27T15:21:18.630Z] >>> [apiv2][query] POST https://firebaserules.googleapis.com/v1/projects/steriflow-id:test [none]
[debug] [2026-03-27T15:21:18.630Z] >>> [apiv2][body] POST https://firebaserules.googleapis.com/v1/projects/steriflow-id:test [omitted]
[debug] [2026-03-27T15:21:20.097Z] <<< [apiv2][status] POST https://firebaserules.googleapis.com/v1/projects/steriflow-id:test 200
[debug] [2026-03-27T15:21:20.098Z] <<< [apiv2][body] POST https://firebaserules.googleapis.com/v1/projects/steriflow-id:test {}
[info] ✔  cloud.firestore: rules file firestore.rules compiled successfully 
[debug] [2026-03-27T15:21:20.102Z] Checked if tokens are valid: true, expires at: 1774628475673
[debug] [2026-03-27T15:21:20.102Z] Checked if tokens are valid: true, expires at: 1774628475673
[debug] [2026-03-27T15:21:20.102Z] >>> [apiv2][query] POST https://firebasehosting.googleapis.com/v1beta1/projects/-/sites/steriflow-id/versions [none]
[debug] [2026-03-27T15:21:20.103Z] >>> [apiv2][body] POST https://firebasehosting.googleapis.com/v1beta1/projects/-/sites/steriflow-id/versions {"status":"CREATED","labels":{"deployment-tool":"cli-firebase"}}
[debug] [2026-03-27T15:21:25.032Z] <<< [apiv2][status] POST https://firebasehosting.googleapis.com/v1beta1/projects/-/sites/steriflow-id/versions 200
[debug] [2026-03-27T15:21:25.032Z] <<< [apiv2][body] POST https://firebasehosting.googleapis.com/v1beta1/projects/-/sites/steriflow-id/versions {"name":"projects/402736002594/sites/steriflow-id/versions/e7f94d2dcfc04ecb","status":"CREATED","config":{},"labels":{"deployment-tool":"cli-firebase"}}
[debug] [2026-03-27T15:21:25.034Z] Checked if tokens are valid: true, expires at: 1774628475673
[debug] [2026-03-27T15:21:25.034Z] Checked if tokens are valid: true, expires at: 1774628475673
[debug] [2026-03-27T15:21:25.034Z] >>> [apiv2][query] GET https://firebaserules.googleapis.com/v1/projects/steriflow-id/releases pageSize=10&pageToken=
[debug] [2026-03-27T15:21:25.543Z] <<< [apiv2][status] GET https://firebaserules.googleapis.com/v1/projects/steriflow-id/releases 200
[debug] [2026-03-27T15:21:25.543Z] <<< [apiv2][body] GET https://firebaserules.googleapis.com/v1/projects/steriflow-id/releases {"releases":[{"name":"projects/steriflow-id/releases/cloud.firestore","rulesetName":"projects/steriflow-id/rulesets/4514c4f0-38cb-4703-94bd-a8f202b334c5","createTime":"2026-03-25T02:02:14.065134Z","updateTime":"2026-03-26T18:58:19.807281Z"}]}
[debug] [2026-03-27T15:21:25.543Z] Checked if tokens are valid: true, expires at: 1774628475673
[debug] [2026-03-27T15:21:25.543Z] Checked if tokens are valid: true, expires at: 1774628475673
[debug] [2026-03-27T15:21:25.544Z] >>> [apiv2][query] GET https://firebaserules.googleapis.com/v1/projects/steriflow-id/rulesets/4514c4f0-38cb-4703-94bd-a8f202b334c5 [none]
[debug] [2026-03-27T15:21:26.924Z] <<< [apiv2][status] GET https://firebaserules.googleapis.com/v1/projects/steriflow-id/rulesets/4514c4f0-38cb-4703-94bd-a8f202b334c5 200
[debug] [2026-03-27T15:21:26.925Z] <<< [apiv2][body] GET https://firebaserules.googleapis.com/v1/projects/steriflow-id/rulesets/4514c4f0-38cb-4703-94bd-a8f202b334c5 [omitted]
[info] i  firestore: latest version of firestore.rules already up to date, skipping upload... 
[info] i  firestore: deploying indexes... 
[debug] [2026-03-27T15:21:26.929Z] Checked if tokens are valid: true, expires at: 1774628475673
[debug] [2026-03-27T15:21:26.929Z] Checked if tokens are valid: true, expires at: 1774628475673
[debug] [2026-03-27T15:21:26.930Z] >>> [apiv2][query] GET https://firestore.googleapis.com/v1/projects/steriflow-id/databases/(default)/collectionGroups/-/indexes [none]
